

/******************************************************************************************
* WriteStepFile diagnostics.
* Date:                           Sat Sep 26 09:09:20 2020 
* Produced by:                    The EXPRESS Data Manager Version 5.02.0100.07 : 28 Aug 2013
* Module:                         EDMstepFileFactory/EDMstandAlone
* Host:                           DESKTOP-BKHADKA
* Database:                       C:\Users\Renato\AppData\Local\Temp\{8E42CB5D-1599-4A06-B399-4A3BBDE02FA8}\ifc
* Database version:               5507
* Database creation date:         Sat Sep 26 09:08:54 2020
* Model:                          DataRepository.ifc
* Model creation date:            Sat Sep 26 09:08:54 2020
* Header model:                   DataRepository.ifc_HeaderModel
* Header model creation date:     Sat Sep 26 09:08:54 2020
* Step file:                      PREFEITURA.ifc
* EDMuser:                        sdai-user
* EDMgroup:                       sdai-group
* License ID and type:            5605 : Permanent license. Expiry date: 
* EDMstepFileFactory options:     020000
******************************************************************************************/


------------------------------------------------------------------------------------------------
Operation terminated successfully.
------------------------------------------------------------------------------------------------

