

/******************************************************************************************
* WriteStepFile diagnostics.
* Date:                           Mon Aug 17 08:46:33 2020 
* Produced by:                    The EXPRESS Data Manager Version 5.02.0100.07 : 28 Aug 2013
* Module:                         EDMstepFileFactory/EDMstandAlone
* Host:                           DESKTOP-BKHADKA
* Database:                       C:\Users\Renato\AppData\Local\Temp\{8ADF1DE0-BB32-4C89-8C3A-A1761A3EF493}\ifc
* Database version:               5507
* Database creation date:         Mon Aug 17 08:45:42 2020
* Model:                          DataRepository.ifc
* Model creation date:            Mon Aug 17 08:45:43 2020
* Header model:                   DataRepository.ifc_HeaderModel
* Header model creation date:     Mon Aug 17 08:45:43 2020
* Step file:                      ANTEPROJETO_35_7.ifc
* EDMuser:                        sdai-user
* EDMgroup:                       sdai-group
* License ID and type:            5605 : Permanent license. Expiry date: 
* EDMstepFileFactory options:     020000
******************************************************************************************/


------------------------------------------------------------------------------------------------
Operation terminated successfully.
------------------------------------------------------------------------------------------------

